0 info it worked if it ends with ok
1 verbose cli [ '/Users/ralph/.nvm/versions/node/v4.6.1/bin/node',
1 verbose cli   '/Users/ralph/.nvm/versions/node/v4.6.1/bin/npm',
1 verbose cli   'install' ]
2 info using npm@2.15.9
3 info using node@v4.6.1
4 verbose readDependencies loading dependencies from /Users/ralph/Documents/Work/GDS/digitalmarketplace-frameworks/package.json
5 error install Couldn't read dependencies
6 verbose stack Error: ENOENT: no such file or directory, open '/Users/ralph/Documents/Work/GDS/digitalmarketplace-frameworks/package.json'
6 verbose stack     at Error (native)
7 verbose cwd /Users/ralph/Documents/Work/GDS/digitalmarketplace-frameworks
8 error Darwin 16.1.0
9 error argv "/Users/ralph/.nvm/versions/node/v4.6.1/bin/node" "/Users/ralph/.nvm/versions/node/v4.6.1/bin/npm" "install"
10 error node v4.6.1
11 error npm  v2.15.9
12 error path /Users/ralph/Documents/Work/GDS/digitalmarketplace-frameworks/package.json
13 error code ENOPACKAGEJSON
14 error errno -2
15 error syscall open
16 error package.json ENOENT: no such file or directory, open '/Users/ralph/Documents/Work/GDS/digitalmarketplace-frameworks/package.json'
16 error package.json This is most likely not a problem with npm itself.
16 error package.json npm can't find a package.json file in your current directory.
17 verbose exit [ -2, true ]
